  BaseObject.cpp
C:\Users\admin\Desktop\Game_2D_SDL2\Common_Items.h(14,10): error C1083: Cannot open include file: 'SDL.h': No such file or directory
  (compiling source file 'BaseObject.cpp')
  
  BulletObject.cpp
C:\Users\admin\Desktop\Game_2D_SDL2\Common_Items.h(14,10): error C1083: Cannot open include file: 'SDL.h': No such file or directory
  (compiling source file 'BulletObject.cpp')
  
  Explosion.cpp
C:\Users\admin\Desktop\Game_2D_SDL2\Common_Items.h(14,10): error C1083: Cannot open include file: 'SDL.h': No such file or directory
  (compiling source file 'Explosion.cpp')
  
  GameMap.cpp
C:\Users\admin\Desktop\Game_2D_SDL2\Common_Items.h(14,10): error C1083: Cannot open include file: 'SDL.h': No such file or directory
  (compiling source file 'GameMap.cpp')
  
  main.cpp
C:\Users\admin\Desktop\Game_2D_SDL2\Common_Items.h(14,10): error C1083: Cannot open include file: 'SDL.h': No such file or directory
  (compiling source file 'main.cpp')
  
  Common_Items.cpp
C:\Users\admin\Desktop\Game_2D_SDL2\Common_Items.h(14,10): error C1083: Cannot open include file: 'SDL.h': No such file or directory
  (compiling source file 'Common_Items.cpp')
  
  Menu.cpp
C:\Users\admin\Desktop\Game_2D_SDL2\Common_Items.h(14,10): error C1083: Cannot open include file: 'SDL.h': No such file or directory
  (compiling source file 'Menu.cpp')
  
  Plant_Cannon.cpp
C:\Users\admin\Desktop\Game_2D_SDL2\Common_Items.h(14,10): error C1083: Cannot open include file: 'SDL.h': No such file or directory
  (compiling source file 'Plant_Cannon.cpp')
  
  PlayerObject.cpp
C:\Users\admin\Desktop\Game_2D_SDL2\Common_Items.h(14,10): error C1083: Cannot open include file: 'SDL.h': No such file or directory
  (compiling source file 'PlayerObject.cpp')
  
  Slime.cpp
C:\Users\admin\Desktop\Game_2D_SDL2\Common_Items.h(14,10): error C1083: Cannot open include file: 'SDL.h': No such file or directory
  (compiling source file 'Slime.cpp')
  
  TextObject.cpp
C:\Users\admin\Desktop\Game_2D_SDL2\Common_Items.h(14,10): error C1083: Cannot open include file: 'SDL.h': No such file or directory
  (compiling source file 'TextObject.cpp')
  
  TheGhost.cpp
C:\Users\admin\Desktop\Game_2D_SDL2\Common_Items.h(14,10): error C1083: Cannot open include file: 'SDL.h': No such file or directory
  (compiling source file 'TheGhost.cpp')
  
  Timer.cpp
C:\Users\admin\Desktop\Game_2D_SDL2\Common_Items.h(14,10): error C1083: Cannot open include file: 'SDL.h': No such file or directory
  (compiling source file 'Timer.cpp')
  
