c:\users\admin\desktop\game_2d_sdl2\game_2d_sdl2\x64\debug\vc143.pdb
c:\users\admin\desktop\game_2d_sdl2\game_2d_sdl2\x64\debug\vc143.idb
c:\users\admin\desktop\game_2d_sdl2\game_2d_sdl2\x64\debug\common_items.obj
c:\users\admin\desktop\game_2d_sdl2\game_2d_sdl2\x64\debug\baseobject.obj
c:\users\admin\desktop\game_2d_sdl2\game_2d_sdl2\x64\debug\main.obj
c:\users\admin\desktop\game_2d_sdl2\game_2d_sdl2\x64\debug\playerobject.obj
c:\users\admin\desktop\game_2d_sdl2\game_2d_sdl2\x64\debug\gamemap.obj
c:\users\admin\desktop\game_2d_sdl2\game_2d_sdl2\x64\debug\timer.obj
c:\users\admin\desktop\game_2d_sdl2\game_2d_sdl2\x64\debug\bulletobject.obj
c:\users\admin\desktop\game_2d_sdl2\game_2d_sdl2\x64\debug\slime.obj
c:\users\admin\desktop\game_2d_sdl2\game_2d_sdl2\x64\debug\plant_cannon.obj
c:\users\admin\desktop\game_2d_sdl2\game_2d_sdl2\x64\debug\theghost.obj
c:\users\admin\desktop\game_2d_sdl2\game_2d_sdl2\x64\debug\explosion.obj
c:\users\admin\desktop\game_2d_sdl2\game_2d_sdl2\x64\debug\textobject.obj
c:\users\admin\desktop\game_2d_sdl2\game_2d_sdl2\x64\debug\menu.obj
c:\users\admin\desktop\game_2d_sdl2\x64\debug\game_2d_sdl2.exe
c:\users\admin\desktop\game_2d_sdl2\x64\debug\game_2d_sdl2.pdb
c:\users\admin\desktop\game_2d_sdl2\game_2d_sdl2\x64\debug\game_2d_sdl2.ilk
c:\users\admin\desktop\game_2d_sdl2\game_2d_sdl2\x64\debug\boss.obj
c:\users\admin\desktop\game_2d_sdl2\game_2d_sdl2\x64\debug\bossobject.obj
c:\users\admin\desktop\game_2d_sdl2\game_2d_sdl2\x64\debug\mapfunction.obj
c:\users\admin\desktop\game_2d_sdl2\game_2d_sdl2\x64\debug\player.obj
c:\users\admin\desktop\game_2d_sdl2\game_2d_sdl2\x64\debug\skeletonobject.obj
c:\users\admin\desktop\game_2d_sdl2\game_2d_sdl2\x64\debug\menu.obj.enc
c:\users\admin\desktop\game_2d_sdl2\game_2d_sdl2\x64\debug\game_2d_sdl2.tlog\cl.command.1.tlog
c:\users\admin\desktop\game_2d_sdl2\game_2d_sdl2\x64\debug\game_2d_sdl2.tlog\cl.items.tlog
c:\users\admin\desktop\game_2d_sdl2\game_2d_sdl2\x64\debug\game_2d_sdl2.tlog\cl.read.1.tlog
c:\users\admin\desktop\game_2d_sdl2\game_2d_sdl2\x64\debug\game_2d_sdl2.tlog\cl.write.1.tlog
c:\users\admin\desktop\game_2d_sdl2\game_2d_sdl2\x64\debug\game_2d_sdl2.tlog\link.command.1.tlog
c:\users\admin\desktop\game_2d_sdl2\game_2d_sdl2\x64\debug\game_2d_sdl2.tlog\link.read.1.tlog
c:\users\admin\desktop\game_2d_sdl2\game_2d_sdl2\x64\debug\game_2d_sdl2.tlog\link.secondary.1.tlog
c:\users\admin\desktop\game_2d_sdl2\game_2d_sdl2\x64\debug\game_2d_sdl2.tlog\link.write.1.tlog
